2024-09-03 17:20:15 0 [Note] Starting MariaDB 11.4.2-MariaDB source revision 3fca5ed772fb75e3e57c507edef2985f8eba5b12 as process 18120
2024-09-03 17:20:15 0 [Note] InnoDB: Compressed tables use zlib 1.3.1
2024-09-03 17:20:15 0 [Note] InnoDB: Number of transaction pools: 1
2024-09-03 17:20:15 0 [Note] InnoDB: Using crc32 + pclmulqdq instructions
2024-09-03 17:20:15 0 [Note] InnoDB: Initializing buffer pool, total size = 128.000MiB, chunk size = 2.000MiB
2024-09-03 17:20:15 0 [Note] InnoDB: Completed initialization of buffer pool
2024-09-03 17:20:15 0 [Note] InnoDB: File system buffers for log disabled (block size=512 bytes)
2024-09-03 17:20:15 0 [Note] InnoDB: Starting crash recovery from checkpoint LSN=143165
2024-09-03 17:20:15 0 [Note] InnoDB: End of log at LSN=1678265
2024-09-03 17:20:15 0 [Note] InnoDB: To recover: 243 pages
2024-09-03 17:20:15 0 [Note] InnoDB: Opened 3 undo tablespaces
2024-09-03 17:20:15 0 [Note] InnoDB: 128 rollback segments in 3 undo tablespaces are active.
2024-09-03 17:20:15 0 [Note] InnoDB: Removed temporary tablespace data file: "./ibtmp1"
2024-09-03 17:20:15 0 [Note] InnoDB: Setting file './ibtmp1' size to 12.000MiB. Physically writing the file full; Please wait ...
2024-09-03 17:20:15 0 [Note] InnoDB: File './ibtmp1' size is now 12.000MiB.
2024-09-03 17:20:15 0 [Note] InnoDB: log sequence number 1678265; transaction id 242
2024-09-03 17:20:15 0 [Note] Plugin 'FEEDBACK' is disabled.
2024-09-03 17:20:15 0 [Note] InnoDB: Loading buffer pool(s) from C:\Users\elias\Downloads\Ru3Conc7p-main\Ru3Conc7p-main\console\mariadb\data\ib_buffer_pool
2024-09-03 17:20:15 0 [Note] mariadbd.exe: SSPI: using principal name 'localhost', mech 'Negotiate'
2024-09-03 17:20:15 0 [Note] InnoDB: Buffer pool(s) load completed at 240903 17:20:15
2024-09-03 17:20:15 0 [Note] Recovering after a crash using tc.log
2024-09-03 17:20:15 0 [Note] Starting table crash recovery...
2024-09-03 17:20:15 0 [Note] Crash table recovery finished.
2024-09-03 17:20:16 0 [Note] Server socket created on IP: '::'.
2024-09-03 17:20:16 0 [Note] Server socket created on IP: '0.0.0.0'.
2024-09-03 17:20:16 0 [Note] mariadbd.exe: Event Scheduler: Loaded 0 events
2024-09-03 17:20:16 0 [Note] console\mariadb\bin\mariadbd.exe: ready for connections.
Version: '11.4.2-MariaDB'  socket: ''  port: 3306  mariadb.org binary distribution
