2023-06-08 14:40:23 0 [Note] InnoDB: The first data file './ibdata1' did not exist. A new tablespace will be created!
2023-06-08 14:40:23 0 [Note] InnoDB: Compressed tables use zlib 1.2.12
2023-06-08 14:40:23 0 [Note] InnoDB: Number of transaction pools: 1
2023-06-08 14:40:23 0 [Note] InnoDB: Using crc32 + pclmulqdq instructions
2023-06-08 14:40:23 0 [Note] InnoDB: Initializing buffer pool, total size = 20.000MiB, chunk size = 1.000MiB
2023-06-08 14:40:23 0 [Note] InnoDB: Completed initialization of buffer pool
2023-06-08 14:40:23 0 [Note] InnoDB: Setting file './ibdata1' size to 12.000MiB. Physically writing the file full; Please wait ...
2023-06-08 14:40:23 0 [Note] InnoDB: File './ibdata1' size is now 12.000MiB.
2023-06-08 14:40:23 0 [Note] InnoDB: File system buffers for log disabled (block size=4096 bytes)
2023-06-08 14:40:23 0 [Note] InnoDB: Doublewrite buffer not found: creating new
2023-06-08 14:40:23 0 [Note] InnoDB: 128 rollback segments are active.
2023-06-08 14:40:23 0 [Note] InnoDB: Setting file './ibtmp1' size to 12.000MiB. Physically writing the file full; Please wait ...
2023-06-08 14:40:23 0 [Note] InnoDB: File './ibtmp1' size is now 12.000MiB.
2023-06-08 14:40:23 0 [Note] InnoDB: log sequence number 0; transaction id 3
2023-06-08 14:40:23 0 [Note] Plugin 'FEEDBACK' is disabled.
2024-05-28 17:36:36 0 [Note] InnoDB: Compressed tables use zlib 1.2.12
2024-05-28 17:36:36 0 [Note] InnoDB: Number of transaction pools: 1
2024-05-28 17:36:36 0 [Note] InnoDB: Using crc32 + pclmulqdq instructions
2024-05-28 17:36:36 0 [Note] InnoDB: Initializing buffer pool, total size = 128.000MiB, chunk size = 2.000MiB
2024-05-28 17:36:36 0 [Note] InnoDB: Completed initialization of buffer pool
2024-05-28 17:36:36 0 [Note] InnoDB: File system buffers for log disabled (block size=4096 bytes)
2024-05-28 17:36:36 0 [Note] InnoDB: Resizing redo log from 20.000MiB to 96.000MiB; LSN=46902
2024-05-28 17:36:36 0 [Note] InnoDB: File system buffers for log disabled (block size=4096 bytes)
2024-05-28 17:36:36 0 [Note] InnoDB: 128 rollback segments are active.
2024-05-28 17:36:36 0 [Note] InnoDB: Setting file './ibtmp1' size to 12.000MiB. Physically writing the file full; Please wait ...
2024-05-28 17:36:36 0 [Note] InnoDB: File './ibtmp1' size is now 12.000MiB.
2024-05-28 17:36:36 0 [Note] InnoDB: log sequence number 46902; transaction id 14
2024-05-28 17:36:36 0 [Note] InnoDB: Loading buffer pool(s) from C:\wamp64\bin\mariadb\mariadb10.10.2\data\ib_buffer_pool
2024-05-28 17:36:36 0 [Note] Plugin 'FEEDBACK' is disabled.
2024-05-28 17:36:36 0 [Note] InnoDB: Buffer pool(s) load completed at 240528 17:36:36
2024-05-28 17:36:36 0 [Note] Server socket created on IP: '::'.
2024-05-28 17:36:36 0 [Note] Server socket created on IP: '0.0.0.0'.
2024-05-28 17:36:37 0 [Note] C:\wamp64\bin\mariadb\mariadb10.10.2\bin\mariadbd.exe: ready for connections.
Version: '10.10.2-MariaDB'  socket: ''  port: 3307  mariadb.org binary distribution
2024-05-28 17:37:54 3 [Warning] Access denied for user 'PEAB05231'@'localhost' (using password: NO)
2024-05-28 17:38:09 0 [ERROR] InnoDB: The data file './ibdata1' must be writable
2024-05-28 17:38:09 0 [ERROR] InnoDB: The data file './ibdata1' must be writable
2024-05-28 17:38:09 0 [ERROR] Plugin 'InnoDB' init function returned error.
2024-05-28 17:38:09 0 [ERROR] Plugin 'InnoDB' registration as a STORAGE ENGINE failed.
2024-05-28 17:38:09 0 [Note] Plugin 'FEEDBACK' is disabled.
2024-05-28 17:38:09 0 [ERROR] Unknown/unsupported storage engine: InnoDB
2024-05-28 17:38:09 0 [ERROR] Aborting
2024-05-28 17:38:12 0 [Note] console_event_handler: received CTRL_CLOSE_EVENT event, terminating
2024-05-28 17:38:14 0 [Note] InnoDB: Compressed tables use zlib 1.2.12
2024-05-28 17:38:14 0 [Note] InnoDB: Number of transaction pools: 1
2024-05-28 17:38:14 0 [Note] InnoDB: Using crc32 + pclmulqdq instructions
2024-05-28 17:38:14 0 [Note] InnoDB: Initializing buffer pool, total size = 128.000MiB, chunk size = 2.000MiB
2024-05-28 17:38:14 0 [Note] InnoDB: Completed initialization of buffer pool
2024-05-28 17:38:14 0 [Note] InnoDB: File system buffers for log disabled (block size=4096 bytes)
2024-05-28 17:38:14 0 [Note] InnoDB: 128 rollback segments are active.
2024-05-28 17:38:14 0 [Note] InnoDB: Removed temporary tablespace data file: "./ibtmp1"
2024-05-28 17:38:14 0 [Note] InnoDB: Setting file './ibtmp1' size to 12.000MiB. Physically writing the file full; Please wait ...
2024-05-28 17:38:14 0 [Note] InnoDB: File './ibtmp1' size is now 12.000MiB.
2024-05-28 17:38:14 0 [Note] InnoDB: log sequence number 46918; transaction id 14
2024-05-28 17:38:14 0 [Note] Plugin 'FEEDBACK' is disabled.
2024-05-28 17:38:14 0 [Note] InnoDB: Loading buffer pool(s) from C:\wamp64\bin\mariadb\mariadb10.10.2\data\ib_buffer_pool
2024-05-28 17:38:14 0 [Note] Server socket created on IP: '::'.
2024-05-28 17:38:14 0 [Note] Server socket created on IP: '0.0.0.0'.
2024-05-28 17:38:14 0 [Note] InnoDB: Buffer pool(s) load completed at 240528 17:38:14
2024-05-28 17:38:14 0 [Note] C:\wamp64\bin\mariadb\mariadb10.10.2\bin\mariadbd.exe: ready for connections.
Version: '10.10.2-MariaDB'  socket: ''  port: 3307  mariadb.org binary distribution
2024-05-28 17:38:42 0 [Note] console_event_handler: received CTRL_CLOSE_EVENT event, terminating
2024-05-28 17:38:45 0 [Note] InnoDB: Compressed tables use zlib 1.2.12
2024-05-28 17:38:45 0 [Note] InnoDB: Number of transaction pools: 1
2024-05-28 17:38:45 0 [Note] InnoDB: Using crc32 + pclmulqdq instructions
2024-05-28 17:38:45 0 [Note] InnoDB: Initializing buffer pool, total size = 128.000MiB, chunk size = 2.000MiB
2024-05-28 17:38:45 0 [Note] InnoDB: Completed initialization of buffer pool
2024-05-28 17:38:45 0 [Note] InnoDB: File system buffers for log disabled (block size=4096 bytes)
2024-05-28 17:38:45 0 [Note] InnoDB: 128 rollback segments are active.
2024-05-28 17:38:45 0 [Note] InnoDB: Removed temporary tablespace data file: "./ibtmp1"
2024-05-28 17:38:45 0 [Note] InnoDB: Setting file './ibtmp1' size to 12.000MiB. Physically writing the file full; Please wait ...
2024-05-28 17:38:45 0 [Note] InnoDB: File './ibtmp1' size is now 12.000MiB.
2024-05-28 17:38:45 0 [Note] InnoDB: log sequence number 46918; transaction id 14
2024-05-28 17:38:45 0 [Note] Plugin 'FEEDBACK' is disabled.
2024-05-28 17:38:45 0 [Note] InnoDB: Loading buffer pool(s) from C:\wamp64\bin\mariadb\mariadb10.10.2\data\ib_buffer_pool
2024-05-28 17:38:45 0 [Note] Server socket created on IP: '::'.
2024-05-28 17:38:45 0 [Note] Server socket created on IP: '0.0.0.0'.
2024-05-28 17:38:45 0 [Note] InnoDB: Buffer pool(s) load completed at 240528 17:38:45
2024-05-28 17:38:45 0 [Note] C:\wamp64\bin\mariadb\mariadb10.10.2\bin\mariadbd.exe: ready for connections.
Version: '10.10.2-MariaDB'  socket: ''  port: 3307  mariadb.org binary distribution
2024-05-28 17:40:41 3 [Warning] Access denied for user 'PEAB05231'@'localhost' (using password: NO)
2024-05-28 17:41:15 4 [Warning] Access denied for user 'PEAB05231'@'localhost' (using password: NO)
2024-05-28 17:41:32 5 [Warning] Access denied for user 'PEAB05231'@'localhost' (using password: NO)
2024-05-28 17:42:29 0 [Note] console_event_handler: received CTRL_CLOSE_EVENT event, terminating
2024-05-28 21:30:49 0 [Note] InnoDB: Compressed tables use zlib 1.2.12
2024-05-28 21:30:49 0 [Note] InnoDB: Number of transaction pools: 1
2024-05-28 21:30:49 0 [Note] InnoDB: Using crc32 + pclmulqdq instructions
2024-05-28 21:30:49 0 [Note] InnoDB: Initializing buffer pool, total size = 128.000MiB, chunk size = 2.000MiB
2024-05-28 21:30:49 0 [Note] InnoDB: Completed initialization of buffer pool
2024-05-28 21:30:50 0 [Note] InnoDB: File system buffers for log disabled (block size=4096 bytes)
2024-05-28 21:30:50 0 [Note] InnoDB: 128 rollback segments are active.
2024-05-28 21:30:50 0 [Note] InnoDB: Removed temporary tablespace data file: "./ibtmp1"
2024-05-28 21:30:50 0 [Note] InnoDB: Setting file './ibtmp1' size to 12.000MiB. Physically writing the file full; Please wait ...
2024-05-28 21:30:50 0 [Note] InnoDB: File './ibtmp1' size is now 12.000MiB.
2024-05-28 21:30:50 0 [Note] InnoDB: log sequence number 46918; transaction id 14
2024-05-28 21:30:50 0 [Note] InnoDB: Loading buffer pool(s) from C:\wamp64\bin\mariadb\mariadb10.10.2\data\ib_buffer_pool
2024-05-28 21:30:50 0 [Note] Plugin 'FEEDBACK' is disabled.
2024-05-28 21:30:50 0 [Note] InnoDB: Buffer pool(s) load completed at 240528 21:30:50
2024-05-28 21:30:50 0 [Note] Server socket created on IP: '::'.
2024-05-28 21:30:50 0 [Note] Server socket created on IP: '0.0.0.0'.
2024-05-28 21:30:50 0 [Note] C:\wamp64\bin\mariadb\mariadb10.10.2\bin\mysqld.exe: ready for connections.
Version: '10.10.2-MariaDB'  socket: ''  port: 3307  mariadb.org binary distribution
2024-05-28 21:32:41 0 [Note] console_event_handler: received CTRL_CLOSE_EVENT event, terminating
2024-05-28 21:33:20 0 [Note] InnoDB: Compressed tables use zlib 1.2.12
2024-05-28 21:33:20 0 [Note] InnoDB: Number of transaction pools: 1
2024-05-28 21:33:20 0 [Note] InnoDB: Using crc32 + pclmulqdq instructions
2024-05-28 21:33:20 0 [Note] InnoDB: Initializing buffer pool, total size = 128.000MiB, chunk size = 2.000MiB
2024-05-28 21:33:20 0 [Note] InnoDB: Completed initialization of buffer pool
2024-05-28 21:33:20 0 [Note] InnoDB: File system buffers for log disabled (block size=4096 bytes)
2024-05-28 21:33:20 0 [Note] InnoDB: 128 rollback segments are active.
2024-05-28 21:33:21 0 [Note] InnoDB: Removed temporary tablespace data file: "./ibtmp1"
2024-05-28 21:33:21 0 [Note] InnoDB: Setting file './ibtmp1' size to 12.000MiB. Physically writing the file full; Please wait ...
2024-05-28 21:33:21 0 [Note] InnoDB: File './ibtmp1' size is now 12.000MiB.
2024-05-28 21:33:21 0 [Note] InnoDB: log sequence number 46918; transaction id 14
2024-05-28 21:33:21 0 [Note] Plugin 'FEEDBACK' is disabled.
2024-05-28 21:33:21 0 [Note] InnoDB: Loading buffer pool(s) from C:\wamp64\bin\mariadb\mariadb10.10.2\data\ib_buffer_pool
2024-05-28 21:33:21 0 [Note] InnoDB: Buffer pool(s) load completed at 240528 21:33:21
2024-05-28 21:33:21 0 [Note] Server socket created on IP: '::'.
2024-05-28 21:33:21 0 [Note] Server socket created on IP: '0.0.0.0'.
2024-05-28 21:33:22 0 [Note] C:\wamp64\bin\mariadb\mariadb10.10.2\bin\mariadbd.exe: ready for connections.
Version: '10.10.2-MariaDB'  socket: ''  port: 3307  mariadb.org binary distribution
2024-05-29 21:02:19 3 [Warning] Aborted connection 3 to db: 'ru3conc7p' user: 'root' host: 'localhost' (Got timeout reading communication packets)
2024-05-31  9:51:28 107 [Warning] Aborted connection 107 to db: 'ru3conc7p' user: 'root' host: 'localhost' (Got timeout reading communication packets)
2024-06-04  8:42:12 0 [Note] console_event_handler: received CTRL_CLOSE_EVENT event, terminating
2024-06-04 11:42:46 0 [Note] InnoDB: Compressed tables use zlib 1.2.12
2024-06-04 11:42:46 0 [Note] InnoDB: Number of transaction pools: 1
2024-06-04 11:42:46 0 [Note] InnoDB: Using crc32 + pclmulqdq instructions
2024-06-04 11:42:46 0 [Note] InnoDB: Initializing buffer pool, total size = 128.000MiB, chunk size = 2.000MiB
2024-06-04 11:42:46 0 [Note] InnoDB: Completed initialization of buffer pool
2024-06-04 11:42:46 0 [Note] InnoDB: File system buffers for log disabled (block size=4096 bytes)
2024-06-04 11:42:47 0 [Note] InnoDB: Starting crash recovery from checkpoint LSN=46902
2024-06-04 11:42:47 0 [Note] InnoDB: Starting final batch to recover 33 pages from redo log.
2024-06-04 11:42:47 0 [Note] InnoDB: 128 rollback segments are active.
2024-06-04 11:42:47 0 [Note] InnoDB: Removed temporary tablespace data file: "./ibtmp1"
2024-06-04 11:42:47 0 [Note] InnoDB: Setting file './ibtmp1' size to 12.000MiB. Physically writing the file full; Please wait ...
2024-06-04 11:42:47 0 [Note] InnoDB: File './ibtmp1' size is now 12.000MiB.
2024-06-04 11:42:47 0 [Note] InnoDB: log sequence number 137547; transaction id 175
2024-06-04 11:42:47 0 [Note] Plugin 'FEEDBACK' is disabled.
2024-06-04 11:42:47 0 [Note] InnoDB: Loading buffer pool(s) from C:\wamp64\bin\mariadb\mariadb10.10.2\data\ib_buffer_pool
2024-06-04 11:42:47 0 [Note] InnoDB: Buffer pool(s) load completed at 240604 11:42:47
2024-06-04 11:42:47 0 [Note] Server socket created on IP: '::'.
2024-06-04 11:42:47 0 [Note] Server socket created on IP: '0.0.0.0'.
2024-06-04 11:42:48 0 [Note] C:\wamp64\bin\mariadb\mariadb10.10.2\bin\mariadbd.exe: ready for connections.
Version: '10.10.2-MariaDB'  socket: ''  port: 3307  mariadb.org binary distribution
2024-06-04 19:48:14 0 [Note] Starting MariaDB 11.4.2-MariaDB source revision 3fca5ed772fb75e3e57c507edef2985f8eba5b12 as process 4776
2024-06-04 19:48:14 0 [Note] InnoDB: Compressed tables use zlib 1.3.1
2024-06-04 19:48:14 0 [Note] InnoDB: Number of transaction pools: 1
2024-06-04 19:48:14 0 [Note] InnoDB: Using crc32 + pclmulqdq instructions
2024-06-04 19:48:14 0 [Note] InnoDB: Initializing buffer pool, total size = 128.000MiB, chunk size = 2.000MiB
2024-06-04 19:48:14 0 [Note] InnoDB: Completed initialization of buffer pool
2024-06-04 19:48:14 0 [Note] InnoDB: File system buffers for log disabled (block size=4096 bytes)
2024-06-04 19:48:14 0 [Note] InnoDB: Starting crash recovery from checkpoint LSN=46918
2024-06-04 19:48:14 0 [Note] InnoDB: End of log at LSN=137923
2024-06-04 19:48:14 0 [Note] InnoDB: To recover: 185 pages
2024-06-04 19:48:14 0 [Note] InnoDB: Upgrading the change buffer
2024-06-04 19:48:14 0 [Note] InnoDB: Upgraded the change buffer: 0 tablespaces, 0 pages
2024-06-04 19:48:14 0 [Note] InnoDB: Reinitializing innodb_undo_tablespaces= 3 from 0
2024-06-04 19:48:14 0 [Note] InnoDB: Data file .//undo001 did not exist: new to be created
2024-06-04 19:48:14 0 [Note] InnoDB: Setting file .//undo001 size to 10.000MiB
2024-06-04 19:48:14 0 [Note] InnoDB: Database physically writes the file full: wait...
2024-06-04 19:48:14 0 [Note] InnoDB: Data file .//undo002 did not exist: new to be created
2024-06-04 19:48:14 0 [Note] InnoDB: Setting file .//undo002 size to 10.000MiB
2024-06-04 19:48:14 0 [Note] InnoDB: Database physically writes the file full: wait...
2024-06-04 19:48:14 0 [Note] InnoDB: Data file .//undo003 did not exist: new to be created
2024-06-04 19:48:14 0 [Note] InnoDB: Setting file .//undo003 size to 10.000MiB
2024-06-04 19:48:14 0 [Note] InnoDB: Database physically writes the file full: wait...
2024-06-04 19:48:14 0 [Note] InnoDB: 128 rollback segments in 3 undo tablespaces are active.
2024-06-04 19:48:14 0 [Note] InnoDB: Removed temporary tablespace data file: "./ibtmp1"
2024-06-04 19:48:14 0 [Note] InnoDB: Setting file './ibtmp1' size to 12.000MiB. Physically writing the file full; Please wait ...
2024-06-04 19:48:14 0 [Note] InnoDB: File './ibtmp1' size is now 12.000MiB.
2024-06-04 19:48:14 0 [Note] InnoDB: log sequence number 137923; transaction id 175
2024-06-04 19:48:14 0 [Note] Plugin 'FEEDBACK' is disabled.
2024-06-04 19:48:14 0 [Note] InnoDB: Loading buffer pool(s) from C:\Users\peab05231\Downloads\mariadb-11.4.2-winx64\mariadb-11.4.2-winx64\data\ib_buffer_pool
2024-06-04 19:48:14 0 [Note] mariadbd.exe: SSPI: using principal name 'PEAB05231@COMMUN.AD.SNCF.FR', mech 'Negotiate'
2024-06-04 19:48:14 0 [Note] InnoDB: Buffer pool(s) load completed at 240604 19:48:14
2024-06-04 19:48:15 0 [Note] Server socket created on IP: '::'.
2024-06-04 19:48:15 0 [Note] Server socket created on IP: '0.0.0.0'.
2024-06-04 19:48:15 0 [Note] mariadbd.exe: Event Scheduler: Loaded 0 events
2024-06-04 19:48:15 0 [Note] C:\Users\peab05231\Downloads\mariadb-11.4.2-winx64\mariadb-11.4.2-winx64\bin\mariadbd.exe: ready for connections.
Version: '11.4.2-MariaDB'  socket: ''  port: 3306  mariadb.org binary distribution
2024-06-04 19:48:49 0 [Note] console_event_handler: received CTRL_CLOSE_EVENT event, terminating
2024-06-04 20:54:10 0 [Note] Starting MariaDB 11.4.2-MariaDB source revision 3fca5ed772fb75e3e57c507edef2985f8eba5b12 as process 7568
2024-06-04 20:54:10 0 [Note] InnoDB: Compressed tables use zlib 1.3.1
2024-06-04 20:54:10 0 [Note] InnoDB: Number of transaction pools: 1
2024-06-04 20:54:10 0 [Note] InnoDB: Using crc32 + pclmulqdq instructions
2024-06-04 20:54:10 0 [Note] InnoDB: Initializing buffer pool, total size = 128.000MiB, chunk size = 2.000MiB
2024-06-04 20:54:10 0 [Note] InnoDB: Completed initialization of buffer pool
2024-06-04 20:54:10 0 [Note] InnoDB: File system buffers for log disabled (block size=4096 bytes)
2024-06-04 20:54:10 0 [Note] InnoDB: Starting crash recovery from checkpoint LSN=143165
2024-06-04 20:54:10 0 [Note] InnoDB: End of log at LSN=158917
2024-06-04 20:54:10 0 [Note] InnoDB: To recover: 133 pages
2024-06-04 20:54:10 0 [Note] InnoDB: Opened 3 undo tablespaces
2024-06-04 20:54:10 0 [Note] InnoDB: 128 rollback segments in 3 undo tablespaces are active.
2024-06-04 20:54:10 0 [Note] InnoDB: Removed temporary tablespace data file: "./ibtmp1"
2024-06-04 20:54:10 0 [Note] InnoDB: Setting file './ibtmp1' size to 12.000MiB. Physically writing the file full; Please wait ...
2024-06-04 20:54:10 0 [Note] InnoDB: File './ibtmp1' size is now 12.000MiB.
2024-06-04 20:54:10 0 [Note] InnoDB: log sequence number 158917; transaction id 175
2024-06-04 20:54:10 0 [Note] InnoDB: Loading buffer pool(s) from C:\wamp64\www\Ru3Conc7p\console\mariadb\data\ib_buffer_pool
2024-06-04 20:54:10 0 [Note] Plugin 'FEEDBACK' is disabled.
2024-06-04 20:54:10 0 [Note] mariadbd.exe: SSPI: using principal name 'PEAB05231@COMMUN.AD.SNCF.FR', mech 'Negotiate'
2024-06-04 20:54:10 0 [Note] Recovering after a crash using tc.log
2024-06-04 20:54:10 0 [Note] Starting table crash recovery...
2024-06-04 20:54:10 0 [Note] Crash table recovery finished.
2024-06-04 20:54:10 0 [Note] InnoDB: Buffer pool(s) load completed at 240604 20:54:10
2024-06-04 20:54:11 0 [Note] Server socket created on IP: '::'.
2024-06-04 20:54:11 0 [Note] Server socket created on IP: '0.0.0.0'.
2024-06-04 20:54:12 0 [Note] mariadbd.exe: Event Scheduler: Loaded 0 events
2024-06-04 20:54:12 0 [Note] console/mariadb/bin/mariadbd.exe: ready for connections.
Version: '11.4.2-MariaDB'  socket: ''  port: 3306  mariadb.org binary distribution
2024-06-04 20:54:28 0 [Note] console_event_handler: received CTRL_CLOSE_EVENT event, terminating
2024-06-04 20:56:47 0 [Note] Starting MariaDB 11.4.2-MariaDB source revision 3fca5ed772fb75e3e57c507edef2985f8eba5b12 as process 18636
2024-06-04 20:56:47 0 [Note] InnoDB: Compressed tables use zlib 1.3.1
2024-06-04 20:56:47 0 [Note] InnoDB: Number of transaction pools: 1
2024-06-04 20:56:47 0 [Note] InnoDB: Using crc32 + pclmulqdq instructions
2024-06-04 20:56:47 0 [Note] InnoDB: Initializing buffer pool, total size = 128.000MiB, chunk size = 2.000MiB
2024-06-04 20:56:47 0 [Note] InnoDB: Completed initialization of buffer pool
2024-06-04 20:56:47 0 [Note] InnoDB: File system buffers for log disabled (block size=4096 bytes)
2024-06-04 20:56:47 0 [Note] InnoDB: Starting crash recovery from checkpoint LSN=143165
2024-06-04 20:56:47 0 [Note] InnoDB: End of log at LSN=158933
2024-06-04 20:56:47 0 [Note] InnoDB: To recover: 133 pages
2024-06-04 20:56:47 0 [Note] InnoDB: Opened 3 undo tablespaces
2024-06-04 20:56:47 0 [Note] InnoDB: 128 rollback segments in 3 undo tablespaces are active.
2024-06-04 20:56:47 0 [Note] InnoDB: Removed temporary tablespace data file: "./ibtmp1"
2024-06-04 20:56:47 0 [Note] InnoDB: Setting file './ibtmp1' size to 12.000MiB. Physically writing the file full; Please wait ...
2024-06-04 20:56:47 0 [Note] InnoDB: File './ibtmp1' size is now 12.000MiB.
2024-06-04 20:56:47 0 [Note] InnoDB: log sequence number 158933; transaction id 175
2024-06-04 20:56:47 0 [Note] Plugin 'FEEDBACK' is disabled.
2024-06-04 20:56:47 0 [Note] InnoDB: Loading buffer pool(s) from C:\wamp64\www\Ru3Conc7p\console\mariadb\data\ib_buffer_pool
2024-06-04 20:56:47 0 [Note] mariadbd.exe: SSPI: using principal name 'PEAB05231@COMMUN.AD.SNCF.FR', mech 'Negotiate'
2024-06-04 20:56:47 0 [Note] InnoDB: Buffer pool(s) load completed at 240604 20:56:47
2024-06-04 20:56:47 0 [Note] Recovering after a crash using tc.log
2024-06-04 20:56:47 0 [Note] Starting table crash recovery...
2024-06-04 20:56:47 0 [Note] Crash table recovery finished.
2024-06-04 20:56:48 0 [Note] Server socket created on IP: '::'.
2024-06-04 20:56:48 0 [Note] Server socket created on IP: '0.0.0.0'.
2024-06-04 20:56:48 0 [Note] mariadbd.exe: Event Scheduler: Loaded 0 events
2024-06-04 20:56:48 0 [Note] console\mariadb\bin\mariadbd.exe: ready for connections.
Version: '11.4.2-MariaDB'  socket: ''  port: 3306  mariadb.org binary distribution
2024-06-04 20:57:27 0 [Note] console_event_handler: received CTRL_CLOSE_EVENT event, terminating
2024-06-04 20:57:31 0 [Note] Starting MariaDB 11.4.2-MariaDB source revision 3fca5ed772fb75e3e57c507edef2985f8eba5b12 as process 18052
2024-06-04 20:57:31 0 [Note] InnoDB: Compressed tables use zlib 1.3.1
2024-06-04 20:57:31 0 [Note] InnoDB: Number of transaction pools: 1
2024-06-04 20:57:31 0 [Note] InnoDB: Using crc32 + pclmulqdq instructions
2024-06-04 20:57:31 0 [Note] InnoDB: Initializing buffer pool, total size = 128.000MiB, chunk size = 2.000MiB
2024-06-04 20:57:31 0 [Note] InnoDB: Completed initialization of buffer pool
2024-06-04 20:57:31 0 [Note] InnoDB: File system buffers for log disabled (block size=4096 bytes)
2024-06-04 20:57:32 0 [Note] InnoDB: Starting crash recovery from checkpoint LSN=143165
2024-06-04 20:57:32 0 [Note] InnoDB: End of log at LSN=158949
2024-06-04 20:57:32 0 [Note] InnoDB: To recover: 133 pages
2024-06-04 20:57:32 0 [Note] InnoDB: Opened 3 undo tablespaces
2024-06-04 20:57:32 0 [Note] InnoDB: 128 rollback segments in 3 undo tablespaces are active.
2024-06-04 20:57:32 0 [Note] InnoDB: Removed temporary tablespace data file: "./ibtmp1"
2024-06-04 20:57:32 0 [Note] InnoDB: Setting file './ibtmp1' size to 12.000MiB. Physically writing the file full; Please wait ...
2024-06-04 20:57:32 0 [Note] InnoDB: File './ibtmp1' size is now 12.000MiB.
2024-06-04 20:57:32 0 [Note] InnoDB: log sequence number 158949; transaction id 175
2024-06-04 20:57:32 0 [Note] Plugin 'FEEDBACK' is disabled.
2024-06-04 20:57:32 0 [Note] InnoDB: Loading buffer pool(s) from C:\wamp64\www\Ru3Conc7p\console\mariadb\data\ib_buffer_pool
2024-06-04 20:57:32 0 [Note] mariadbd.exe: SSPI: using principal name 'PEAB05231@COMMUN.AD.SNCF.FR', mech 'Negotiate'
2024-06-04 20:57:32 0 [Note] InnoDB: Buffer pool(s) load completed at 240604 20:57:32
2024-06-04 20:57:32 0 [Note] Recovering after a crash using tc.log
2024-06-04 20:57:32 0 [Note] Starting table crash recovery...
2024-06-04 20:57:32 0 [Note] Crash table recovery finished.
2024-06-04 20:57:32 0 [Note] Server socket created on IP: '::'.
2024-06-04 20:57:32 0 [Note] Server socket created on IP: '0.0.0.0'.
2024-06-04 20:57:32 0 [Note] mariadbd.exe: Event Scheduler: Loaded 0 events
2024-06-04 20:57:32 0 [Note] console\mariadb\bin\mariadbd.exe: ready for connections.
Version: '11.4.2-MariaDB'  socket: ''  port: 3306  mariadb.org binary distribution
2024-06-06 12:22:34 0 [Note] Starting MariaDB 11.4.2-MariaDB source revision 3fca5ed772fb75e3e57c507edef2985f8eba5b12 as process 24264
2024-06-06 12:22:35 0 [ERROR] InnoDB: The data file './ibdata1' must be writable
2024-06-06 12:22:35 0 [ERROR] InnoDB: The data file './ibdata1' must be writable
2024-06-06 12:22:35 0 [ERROR] Plugin 'InnoDB' registration as a STORAGE ENGINE failed.
2024-06-06 12:22:35 0 [Note] Plugin 'FEEDBACK' is disabled.
2024-06-06 12:22:35 0 [Note] mariadbd.exe: SSPI: using principal name 'PEAB05231@COMMUN.AD.SNCF.FR', mech 'Negotiate'
2024-06-06 12:22:35 0 [ERROR] Unknown/unsupported storage engine: InnoDB
2024-06-06 12:22:35 0 [ERROR] Aborting
2024-06-11 16:06:13 0 [Note] Starting MariaDB 11.4.2-MariaDB source revision 3fca5ed772fb75e3e57c507edef2985f8eba5b12 as process 4744
2024-06-11 16:06:13 0 [Note] InnoDB: Compressed tables use zlib 1.3.1
2024-06-11 16:06:13 0 [Note] InnoDB: Number of transaction pools: 1
2024-06-11 16:06:13 0 [Note] InnoDB: Using crc32 + pclmulqdq instructions
2024-06-11 16:06:13 0 [Note] InnoDB: Initializing buffer pool, total size = 128.000MiB, chunk size = 2.000MiB
2024-06-11 16:06:13 0 [Note] InnoDB: Completed initialization of buffer pool
2024-06-11 16:06:13 0 [Note] InnoDB: File system buffers for log disabled (block size=4096 bytes)
2024-06-11 16:06:13 0 [Note] InnoDB: Starting crash recovery from checkpoint LSN=143165
2024-06-11 16:06:13 0 [Note] InnoDB: End of log at LSN=159330
2024-06-11 16:06:13 0 [Note] InnoDB: To recover: 135 pages
2024-06-11 16:06:13 0 [Note] InnoDB: Opened 3 undo tablespaces
2024-06-11 16:06:13 0 [Note] InnoDB: 128 rollback segments in 3 undo tablespaces are active.
2024-06-11 16:06:13 0 [Note] InnoDB: Removed temporary tablespace data file: "./ibtmp1"
2024-06-11 16:06:13 0 [Note] InnoDB: Setting file './ibtmp1' size to 12.000MiB. Physically writing the file full; Please wait ...
2024-06-11 16:06:13 0 [Note] InnoDB: File './ibtmp1' size is now 12.000MiB.
2024-06-11 16:06:13 0 [Note] InnoDB: log sequence number 159330; transaction id 182
2024-06-11 16:06:13 0 [Note] InnoDB: Loading buffer pool(s) from C:\Users\peab05231\Downloads\Ru3Conc7p\console\mariadb\data\ib_buffer_pool
2024-06-11 16:06:13 0 [Note] Plugin 'FEEDBACK' is disabled.
2024-06-11 16:06:13 0 [Note] mariadbd.exe: SSPI: using principal name 'PEAB05231@COMMUN.AD.SNCF.FR', mech 'Negotiate'
2024-06-11 16:06:13 0 [Note] Recovering after a crash using tc.log
2024-06-11 16:06:13 0 [Note] Starting table crash recovery...
2024-06-11 16:06:13 0 [Note] Crash table recovery finished.
2024-06-11 16:06:13 0 [Note] InnoDB: Buffer pool(s) load completed at 240611 16:06:13
2024-06-11 16:06:14 0 [Note] Server socket created on IP: '::'.
2024-06-11 16:06:14 0 [Note] Server socket created on IP: '0.0.0.0'.
2024-06-11 16:06:15 0 [Note] mariadbd.exe: Event Scheduler: Loaded 0 events
2024-06-11 16:06:15 0 [Note] console\mariadb\bin\mariadbd.exe: ready for connections.
Version: '11.4.2-MariaDB'  socket: ''  port: 3306  mariadb.org binary distribution
2024-06-11 17:19:55 0 [Note] console_event_handler: received CTRL_CLOSE_EVENT event, terminating
2024-06-11 17:20:05 0 [Note] Starting MariaDB 11.4.2-MariaDB source revision 3fca5ed772fb75e3e57c507edef2985f8eba5b12 as process 25388
2024-06-11 17:20:05 0 [Note] InnoDB: Compressed tables use zlib 1.3.1
2024-06-11 17:20:05 0 [Note] InnoDB: Number of transaction pools: 1
2024-06-11 17:20:05 0 [Note] InnoDB: Using crc32 + pclmulqdq instructions
2024-06-11 17:20:05 0 [Note] InnoDB: Initializing buffer pool, total size = 128.000MiB, chunk size = 2.000MiB
2024-06-11 17:20:05 0 [Note] InnoDB: Completed initialization of buffer pool
2024-06-11 17:20:05 0 [Note] InnoDB: File system buffers for log disabled (block size=4096 bytes)
2024-06-11 17:20:05 0 [Note] InnoDB: Starting crash recovery from checkpoint LSN=143165
2024-06-11 17:20:05 0 [Note] InnoDB: End of log at LSN=161989
2024-06-11 17:20:05 0 [Note] InnoDB: To recover: 141 pages
2024-06-11 17:20:05 0 [Note] InnoDB: Opened 3 undo tablespaces
2024-06-11 17:20:05 0 [Note] InnoDB: 128 rollback segments in 3 undo tablespaces are active.
2024-06-11 17:20:05 0 [Note] InnoDB: Removed temporary tablespace data file: "./ibtmp1"
2024-06-11 17:20:05 0 [Note] InnoDB: Setting file './ibtmp1' size to 12.000MiB. Physically writing the file full; Please wait ...
2024-06-11 17:20:05 0 [Note] InnoDB: File './ibtmp1' size is now 12.000MiB.
2024-06-11 17:20:05 0 [Note] InnoDB: log sequence number 161989; transaction id 202
2024-06-11 17:20:05 0 [Note] Plugin 'FEEDBACK' is disabled.
2024-06-11 17:20:05 0 [Note] InnoDB: Loading buffer pool(s) from C:\Users\peab05231\Downloads\Ru3Conc7p\console\mariadb\data\ib_buffer_pool
2024-06-11 17:20:05 0 [Note] mariadbd.exe: SSPI: using principal name 'PEAB05231@COMMUN.AD.SNCF.FR', mech 'Negotiate'
2024-06-11 17:20:05 0 [Note] Recovering after a crash using tc.log
2024-06-11 17:20:05 0 [Note] Starting table crash recovery...
2024-06-11 17:20:05 0 [Note] Crash table recovery finished.
2024-06-11 17:20:05 0 [Note] InnoDB: Buffer pool(s) load completed at 240611 17:20:05
2024-06-11 17:20:06 0 [Note] Server socket created on IP: '::'.
2024-06-11 17:20:06 0 [Note] Server socket created on IP: '0.0.0.0'.
2024-06-11 17:20:06 0 [Note] mariadbd.exe: Event Scheduler: Loaded 0 events
2024-06-11 17:20:06 0 [Note] console\mariadb\bin\mariadbd.exe: ready for connections.
Version: '11.4.2-MariaDB'  socket: ''  port: 3306  mariadb.org binary distribution
2024-06-11 17:22:27 0 [Note] console_event_handler: received CTRL_CLOSE_EVENT event, terminating
2024-06-11 17:22:33 0 [Note] Starting MariaDB 11.4.2-MariaDB source revision 3fca5ed772fb75e3e57c507edef2985f8eba5b12 as process 22552
2024-06-11 17:22:33 0 [Note] InnoDB: Compressed tables use zlib 1.3.1
2024-06-11 17:22:33 0 [Note] InnoDB: Number of transaction pools: 1
2024-06-11 17:22:33 0 [Note] InnoDB: Using crc32 + pclmulqdq instructions
2024-06-11 17:22:33 0 [Note] InnoDB: Initializing buffer pool, total size = 128.000MiB, chunk size = 2.000MiB
2024-06-11 17:22:33 0 [Note] InnoDB: Completed initialization of buffer pool
2024-06-11 17:22:33 0 [Note] InnoDB: File system buffers for log disabled (block size=4096 bytes)
2024-06-11 17:22:33 0 [Note] InnoDB: Starting crash recovery from checkpoint LSN=143165
2024-06-11 17:22:33 0 [Note] InnoDB: End of log at LSN=162441
2024-06-11 17:22:33 0 [Note] InnoDB: To recover: 141 pages
2024-06-11 17:22:34 0 [Note] InnoDB: Opened 3 undo tablespaces
2024-06-11 17:22:34 0 [Note] InnoDB: 128 rollback segments in 3 undo tablespaces are active.
2024-06-11 17:22:34 0 [Note] InnoDB: Removed temporary tablespace data file: "./ibtmp1"
2024-06-11 17:22:34 0 [Note] InnoDB: Setting file './ibtmp1' size to 12.000MiB. Physically writing the file full; Please wait ...
2024-06-11 17:22:34 0 [Note] InnoDB: File './ibtmp1' size is now 12.000MiB.
2024-06-11 17:22:34 0 [Note] InnoDB: log sequence number 162441; transaction id 208
2024-06-11 17:22:34 0 [Note] Plugin 'FEEDBACK' is disabled.
2024-06-11 17:22:34 0 [Note] InnoDB: Loading buffer pool(s) from C:\Users\peab05231\Downloads\Ru3Conc7p\console\mariadb\data\ib_buffer_pool
2024-06-11 17:22:34 0 [Note] mariadbd.exe: SSPI: using principal name 'PEAB05231@COMMUN.AD.SNCF.FR', mech 'Negotiate'
2024-06-11 17:22:34 0 [Note] InnoDB: Buffer pool(s) load completed at 240611 17:22:34
2024-06-11 17:22:34 0 [Note] Recovering after a crash using tc.log
2024-06-11 17:22:34 0 [Note] Starting table crash recovery...
2024-06-11 17:22:34 0 [Note] Crash table recovery finished.
2024-06-11 17:22:34 0 [Note] Server socket created on IP: '::'.
2024-06-11 17:22:34 0 [Note] Server socket created on IP: '0.0.0.0'.
2024-06-11 17:22:34 0 [Note] mariadbd.exe: Event Scheduler: Loaded 0 events
2024-06-11 17:22:34 0 [Note] console\mariadb\bin\mariadbd.exe: ready for connections.
Version: '11.4.2-MariaDB'  socket: ''  port: 3307  mariadb.org binary distribution
2024-06-11 17:23:09 0 [Note] console_event_handler: received CTRL_CLOSE_EVENT event, terminating
